{"C:\\Users\\clau_\\OneDrive\\Documents\\GitHub\\Notes\\organizate\\src\\components\\LoginForm.jsx": {"path":"C:\\Users\\clau_\\OneDrive\\Documents\\GitHub\\Notes\\organizate\\src\\components\\LoginForm.jsx","statementMap":{"0":{"start":{"line":5,"column":30},"end":{"line":5,"column":42}},"1":{"start":{"line":6,"column":36},"end":{"line":6,"column":48}},"2":{"start":{"line":9,"column":25},"end":{"line":18,"column":5}},"3":{"start":{"line":10,"column":8},"end":{"line":10,"column":27}},"4":{"start":{"line":12,"column":8},"end":{"line":16,"column":9}},"5":{"start":{"line":13,"column":12},"end":{"line":13,"column":47}},"6":{"start":{"line":21,"column":4},"end":{"line":46,"column":6}},"7":{"start":{"line":31,"column":41},"end":{"line":31,"column":65}},"8":{"start":{"line":38,"column":41},"end":{"line":38,"column":68}}},"fnMap":{"0":{"name":"LoginForm","decl":{"start":{"line":4,"column":9},"end":{"line":4,"column":18}},"loc":{"start":{"line":4,"column":48},"end":{"line":47,"column":1}},"line":4},"1":{"name":"(anonymous_1)","decl":{"start":{"line":9,"column":25},"end":{"line":9,"column":26}},"loc":{"start":{"line":9,"column":38},"end":{"line":18,"column":5}},"line":9},"2":{"name":"(anonymous_2)","decl":{"start":{"line":31,"column":34},"end":{"line":31,"column":35}},"loc":{"start":{"line":31,"column":41},"end":{"line":31,"column":65}},"line":31},"3":{"name":"(anonymous_3)","decl":{"start":{"line":38,"column":34},"end":{"line":38,"column":35}},"loc":{"start":{"line":38,"column":41},"end":{"line":38,"column":68}},"line":38}},"branchMap":{"0":{"loc":{"start":{"line":41,"column":17},"end":{"line":41,"column":75}},"type":"binary-expr","locations":[{"start":{"line":41,"column":17},"end":{"line":41,"column":27}},{"start":{"line":41,"column":31},"end":{"line":41,"column":75}}],"line":41}},"s":{"0":3,"1":3,"2":3,"3":1,"4":1,"5":1,"6":3,"7":1,"8":1},"f":{"0":3,"1":1,"2":1,"3":1},"b":{"0":[3,0]},"_coverageSchema":"1a1c01bbd47fc00a2c39e90264f33305004495a9","hash":"16168306c1ff00d12665f108ea943a6c042db12b"}
,"C:\\Users\\clau_\\OneDrive\\Documents\\GitHub\\Notes\\organizate\\src\\components\\RegisterForm.jsx": {"path":"C:\\Users\\clau_\\OneDrive\\Documents\\GitHub\\Notes\\organizate\\src\\components\\RegisterForm.jsx","statementMap":{"0":{"start":{"line":6,"column":46},"end":{"line":6,"column":58}},"1":{"start":{"line":7,"column":52},"end":{"line":7,"column":64}},"2":{"start":{"line":8,"column":17},"end":{"line":8,"column":26}},"3":{"start":{"line":10,"column":25},"end":{"line":13,"column":5}},"4":{"start":{"line":11,"column":8},"end":{"line":11,"column":27}},"5":{"start":{"line":12,"column":8},"end":{"line":12,"column":55}},"6":{"start":{"line":15,"column":4},"end":{"line":41,"column":6}},"7":{"start":{"line":26,"column":41},"end":{"line":26,"column":73}},"8":{"start":{"line":33,"column":41},"end":{"line":33,"column":76}}},"fnMap":{"0":{"name":"RegisterForm","decl":{"start":{"line":5,"column":9},"end":{"line":5,"column":21}},"loc":{"start":{"line":5,"column":24},"end":{"line":42,"column":1}},"line":5},"1":{"name":"(anonymous_1)","decl":{"start":{"line":10,"column":25},"end":{"line":10,"column":26}},"loc":{"start":{"line":10,"column":32},"end":{"line":13,"column":5}},"line":10},"2":{"name":"(anonymous_2)","decl":{"start":{"line":26,"column":34},"end":{"line":26,"column":35}},"loc":{"start":{"line":26,"column":41},"end":{"line":26,"column":73}},"line":26},"3":{"name":"(anonymous_3)","decl":{"start":{"line":33,"column":34},"end":{"line":33,"column":35}},"loc":{"start":{"line":33,"column":41},"end":{"line":33,"column":76}},"line":33}},"branchMap":{},"s":{"0":3,"1":3,"2":3,"3":3,"4":1,"5":1,"6":3,"7":1,"8":1},"f":{"0":3,"1":1,"2":1,"3":1},"b":{},"_coverageSchema":"1a1c01bbd47fc00a2c39e90264f33305004495a9","hash":"6ecc2e25af6642ee62895ab35eef06baef3c4e7c"}
,"C:\\Users\\clau_\\OneDrive\\Documents\\GitHub\\Notes\\organizate\\src\\context\\AuthContext.jsx": {"path":"C:\\Users\\clau_\\OneDrive\\Documents\\GitHub\\Notes\\organizate\\src\\context\\AuthContext.jsx","statementMap":{"0":{"start":{"line":13,"column":27},"end":{"line":13,"column":42}},"1":{"start":{"line":15,"column":23},"end":{"line":21,"column":1}},"2":{"start":{"line":16,"column":20},"end":{"line":16,"column":43}},"3":{"start":{"line":17,"column":4},"end":{"line":19,"column":5}},"4":{"start":{"line":18,"column":8},"end":{"line":18,"column":29}},"5":{"start":{"line":20,"column":4},"end":{"line":20,"column":19}},"6":{"start":{"line":24,"column":28},"end":{"line":24,"column":40}},"7":{"start":{"line":25,"column":4},"end":{"line":35,"column":10}},"8":{"start":{"line":26,"column":26},"end":{"line":33,"column":10}},"9":{"start":{"line":27,"column":12},"end":{"line":32,"column":13}},"10":{"start":{"line":28,"column":16},"end":{"line":28,"column":45}},"11":{"start":{"line":29,"column":16},"end":{"line":29,"column":27}},"12":{"start":{"line":31,"column":16},"end":{"line":31,"column":36}},"13":{"start":{"line":34,"column":8},"end":{"line":34,"column":32}},"14":{"start":{"line":34,"column":21},"end":{"line":34,"column":32}},"15":{"start":{"line":37,"column":21},"end":{"line":40,"column":5}},"16":{"start":{"line":38,"column":25},"end":{"line":38,"column":84}},"17":{"start":{"line":39,"column":8},"end":{"line":39,"column":29}},"18":{"start":{"line":41,"column":18},"end":{"line":44,"column":5}},"19":{"start":{"line":42,"column":25},"end":{"line":42,"column":80}},"20":{"start":{"line":43,"column":8},"end":{"line":43,"column":29}},"21":{"start":{"line":45,"column":28},"end":{"line":48,"column":5}},"22":{"start":{"line":46,"column":30},"end":{"line":46,"column":54}},"23":{"start":{"line":47,"column":8},"end":{"line":47,"column":51}},"24":{"start":{"line":49,"column":19},"end":{"line":56,"column":5}},"25":{"start":{"line":50,"column":8},"end":{"line":55,"column":9}},"26":{"start":{"line":51,"column":29},"end":{"line":51,"column":48}},"27":{"start":{"line":52,"column":12},"end":{"line":52,"column":34}},"28":{"start":{"line":54,"column":12},"end":{"line":54,"column":31}},"29":{"start":{"line":58,"column":4},"end":{"line":65,"column":39}}},"fnMap":{"0":{"name":"(anonymous_0)","decl":{"start":{"line":15,"column":23},"end":{"line":15,"column":24}},"loc":{"start":{"line":15,"column":29},"end":{"line":21,"column":1}},"line":15},"1":{"name":"AuthProvider","decl":{"start":{"line":23,"column":16},"end":{"line":23,"column":28}},"loc":{"start":{"line":23,"column":43},"end":{"line":66,"column":1}},"line":23},"2":{"name":"(anonymous_2)","decl":{"start":{"line":25,"column":14},"end":{"line":25,"column":15}},"loc":{"start":{"line":25,"column":20},"end":{"line":35,"column":5}},"line":25},"3":{"name":"(anonymous_3)","decl":{"start":{"line":26,"column":51},"end":{"line":26,"column":52}},"loc":{"start":{"line":26,"column":68},"end":{"line":33,"column":9}},"line":26},"4":{"name":"(anonymous_4)","decl":{"start":{"line":34,"column":15},"end":{"line":34,"column":16}},"loc":{"start":{"line":34,"column":21},"end":{"line":34,"column":32}},"line":34},"5":{"name":"(anonymous_5)","decl":{"start":{"line":37,"column":21},"end":{"line":37,"column":22}},"loc":{"start":{"line":37,"column":48},"end":{"line":40,"column":5}},"line":37},"6":{"name":"(anonymous_6)","decl":{"start":{"line":41,"column":18},"end":{"line":41,"column":19}},"loc":{"start":{"line":41,"column":45},"end":{"line":44,"column":5}},"line":41},"7":{"name":"(anonymous_7)","decl":{"start":{"line":45,"column":28},"end":{"line":45,"column":29}},"loc":{"start":{"line":45,"column":40},"end":{"line":48,"column":5}},"line":45},"8":{"name":"(anonymous_8)","decl":{"start":{"line":49,"column":19},"end":{"line":49,"column":20}},"loc":{"start":{"line":49,"column":31},"end":{"line":56,"column":5}},"line":49}},"branchMap":{"0":{"loc":{"start":{"line":17,"column":4},"end":{"line":19,"column":5}},"type":"if","locations":[{"start":{"line":17,"column":4},"end":{"line":19,"column":5}},{"start":{},"end":{}}],"line":17},"1":{"loc":{"start":{"line":27,"column":12},"end":{"line":32,"column":13}},"type":"if","locations":[{"start":{"line":27,"column":12},"end":{"line":32,"column":13}},{"start":{"line":30,"column":19},"end":{"line":32,"column":13}}],"line":27}},"s":{"0":1,"1":1,"2":0,"3":0,"4":0,"5":0,"6":0,"7":0,"8":0,"9":0,"10":0,"11":0,"12":0,"13":0,"14":0,"15":0,"16":0,"17":0,"18":0,"19":0,"20":0,"21":0,"22":0,"23":0,"24":0,"25":0,"26":0,"27":0,"28":0,"29":0},"f":{"0":0,"1":0,"2":0,"3":0,"4":0,"5":0,"6":0,"7":0,"8":0},"b":{"0":[0,0],"1":[0,0]},"_coverageSchema":"1a1c01bbd47fc00a2c39e90264f33305004495a9","hash":"9c8389f65db8581fae8bd2bae8f309c650384bc3"}
,"C:\\Users\\clau_\\OneDrive\\Documents\\GitHub\\Notes\\organizate\\src\\firebase\\firebase.config.js": {"path":"C:\\Users\\clau_\\OneDrive\\Documents\\GitHub\\Notes\\organizate\\src\\firebase\\firebase.config.js","statementMap":{"0":{"start":{"line":4,"column":23},"end":{"line":12,"column":1}},"1":{"start":{"line":15,"column":12},"end":{"line":15,"column":41}},"2":{"start":{"line":16,"column":20},"end":{"line":16,"column":32}}},"fnMap":{},"branchMap":{},"s":{"0":1,"1":1,"2":1},"f":{},"b":{},"_coverageSchema":"1a1c01bbd47fc00a2c39e90264f33305004495a9","hash":"7547bcb48ae4fcd61953b6d7220a5dd286296ba5"}
}
